<?xml version="1.0" encoding="UTF-8"?>
<!-- Generated by org.testng.reporters.JUnitReportReporter -->
<testsuite hostname="DESKTOP-L326GGM" failures="0" tests="1" name="module.Zoomview" time="89.050" errors="0" timestamp="2022-08-17T12:26:19 IST" skipped="0">
  <testcase classname="module.Zoomview" name="main" time="89.050"/>
  <system-out/>
</testsuite> <!-- module.Zoomview -->
